<?xml version="1.0" encoding="UTF-8"?>
<testng-results ignored="0" total="1" passed="1" failed="0" skipped="0">
  <reporter-output>
  </reporter-output>
  <suite started-at="2020-04-04T14:25:59 EDT" name="Default suite" finished-at="2020-04-04T14:26:06 EDT" duration-ms="7124">
    <groups>
    </groups>
    <test started-at="2020-04-04T14:25:59 EDT" name="Default test" finished-at="2020-04-04T14:26:06 EDT" duration-ms="7124">
      <class name="com.llbean.theinternet.PositiveTests">
        <test-method signature="loginTest()[pri:0, instance:com.llbean.theinternet.PositiveTests@78b729e6]" started-at="2020-04-04T14:25:59 EDT" name="loginTest" finished-at="2020-04-04T14:26:06 EDT" duration-ms="7017" status="PASS">
          <reporter-output>
          </reporter-output>
        </test-method> <!-- loginTest -->
      </class> <!-- com.llbean.theinternet.PositiveTests -->
    </test> <!-- Default test -->
  </suite> <!-- Default suite -->
</testng-results>
